<?xml version="1.0" encoding="UTF-8"?>
<!-- Generated by org.testng.reporters.JUnitXMLReporter -->
<testsuite ignored="0" hostname="LAPTOP-2HR8UG91" failures="0" tests="5" name="Default test" time="121.698" errors="0" timestamp="2023-08-03T22:24:28 IST">
  <testcase classname="com.qa.testscripts.AutomationAnywhereModified" name="testProductLink" time="8.758"/>
  <testcase classname="com.qa.testscripts.AutomationAnywhereModified" name="testSolutionsLink" time="3.33"/>
  <testcase classname="com.qa.testscripts.AutomationAnywhereModified" name="testResourcesLink" time="4.748"/>
  <testcase classname="com.qa.testscripts.AutomationAnywhereModified" name="testBeyondRPALink" time="4.017"/>
  <testcase classname="com.qa.testscripts.AutomationAnywhereModified" name="testCompanyLink" time="3.72"/>
</testsuite> <!-- Default test -->
