<?xml version="1.0" encoding="UTF-8"?>
<!-- Generated by org.testng.reporters.JUnitXMLReporter -->
<testsuite ignored="0" hostname="LAPTOP-MSK86JTQ" failures="0" tests="7" name="Test" time="149.055" errors="0" timestamp="2023-07-24T17:33:20 IST">
  <testcase classname="com.qa.testscripts.AutomationAnywhereModified" name="testProductLink" time="5.368"/>
  <testcase classname="com.qa.testscripts.AutomationAnywhereModified" name="testSolutionsLink" time="8.328"/>
  <testcase classname="com.qa.testscripts.AutomationAnywhereModified" name="testResourcesLink" time="9.408"/>
  <testcase classname="com.qa.testscripts.AutomationAnywhereModified" name="testBeyondRPALink" time="8.822"/>
  <testcase classname="com.qa.testscripts.AutomationAnywhereModified" name="testCompanyLink" time="5.679"/>
  <testcase classname="com.qa.testscripts.AutomationAnywhereTest" name="verifyLogoPresence" time="5.647"/>
  <testcase classname="com.qa.testscripts.AutomationAnywhereTest" name="verifyRequestDemoButton" time="5.229"/>
</testsuite> <!-- Test -->
