<?xml version="1.0" encoding="UTF-8"?>
<testng-results ignored="0" total="5" passed="5" failed="0" skipped="0">
  <reporter-output>
  </reporter-output>
  <suite started-at="2023-08-03T22:22:27 IST" name="Default suite" finished-at="2023-08-03T22:24:28 IST" duration-ms="121698">
    <groups>
    </groups>
    <test started-at="2023-08-03T22:22:27 IST" name="Default test" finished-at="2023-08-03T22:24:28 IST" duration-ms="121698">
      <class name="com.qa.testscripts.AutomationAnywhereModified">
        <test-method is-config="true" signature="setUp()[pri:0, instance:com.qa.testscripts.AutomationAnywhereModified@399f45b1]" started-at="2023-08-03T22:22:27 IST" name="setUp" finished-at="2023-08-03T22:24:03 IST" duration-ms="96281" status="PASS">
          <reporter-output>
          </reporter-output>
        </test-method> <!-- setUp -->
        <test-method signature="testProductLink()[pri:0, instance:com.qa.testscripts.AutomationAnywhereModified@399f45b1]" started-at="2023-08-03T22:24:03 IST" name="testProductLink" finished-at="2023-08-03T22:24:12 IST" duration-ms="8758" status="PASS">
          <reporter-output>
          </reporter-output>
        </test-method> <!-- testProductLink -->
        <test-method signature="testSolutionsLink()[pri:1, instance:com.qa.testscripts.AutomationAnywhereModified@399f45b1]" started-at="2023-08-03T22:24:12 IST" name="testSolutionsLink" finished-at="2023-08-03T22:24:15 IST" duration-ms="3330" status="PASS">
          <reporter-output>
          </reporter-output>
        </test-method> <!-- testSolutionsLink -->
        <test-method signature="testResourcesLink()[pri:2, instance:com.qa.testscripts.AutomationAnywhereModified@399f45b1]" started-at="2023-08-03T22:24:15 IST" name="testResourcesLink" finished-at="2023-08-03T22:24:20 IST" duration-ms="4748" status="PASS">
          <reporter-output>
          </reporter-output>
        </test-method> <!-- testResourcesLink -->
        <test-method signature="testBeyondRPALink()[pri:3, instance:com.qa.testscripts.AutomationAnywhereModified@399f45b1]" started-at="2023-08-03T22:24:20 IST" name="testBeyondRPALink" finished-at="2023-08-03T22:24:24 IST" duration-ms="4017" status="PASS">
          <reporter-output>
          </reporter-output>
        </test-method> <!-- testBeyondRPALink -->
        <test-method signature="testCompanyLink()[pri:4, instance:com.qa.testscripts.AutomationAnywhereModified@399f45b1]" started-at="2023-08-03T22:24:24 IST" name="testCompanyLink" finished-at="2023-08-03T22:24:27 IST" duration-ms="3720" status="PASS">
          <reporter-output>
          </reporter-output>
        </test-method> <!-- testCompanyLink -->
        <test-method is-config="true" signature="tearDown()[pri:0, instance:com.qa.testscripts.AutomationAnywhereModified@399f45b1]" started-at="2023-08-03T22:24:27 IST" name="tearDown" finished-at="2023-08-03T22:24:28 IST" duration-ms="783" status="PASS">
          <reporter-output>
          </reporter-output>
        </test-method> <!-- tearDown -->
      </class> <!-- com.qa.testscripts.AutomationAnywhereModified -->
    </test> <!-- Default test -->
  </suite> <!-- Default suite -->
</testng-results>
